2017-11-16 16:06:35,772 ERROR 15173 [-/::1/-/5ms GET /] nodejs.Error: Please set config.keys first
    at Application.get keys [as keys] (/Users/fangcaoapple/Documents/2017_projects/atom/xjk/egg-example-pro/node_modules/egg/lib/application.js:179:15)
    at Object.get cookies [as cookies] (/Users/fangcaoapple/Documents/2017_projects/atom/xjk/egg-example-pro/node_modules/egg/app/extend/context.js:17:66)
    at Object.get [egg-security#CSRF_SECRET] (/Users/fangcaoapple/Documents/2017_projects/atom/xjk/egg-example-pro/node_modules/egg-security/app/extend/context.js:77:33)
    at Object.ensureCsrfSecret (/Users/fangcaoapple/Documents/2017_projects/atom/xjk/egg-example-pro/node_modules/egg-security/app/extend/context.js:88:13)
    at Object.csrf (/Users/fangcaoapple/Documents/2017_projects/atom/xjk/egg-example-pro/node_modules/egg-security/lib/middlewares/csrf.js:14:10)
    at csrf.next (<anonymous>)
    at Object.<anonymous> (/Users/fangcaoapple/Documents/2017_projects/atom/xjk/egg-example-pro/node_modules/koa-compose/index.js:28:5)
    at Generator.next (<anonymous>)
    at onFulfilled (/Users/fangcaoapple/Documents/2017_projects/atom/xjk/egg-example-pro/node_modules/co/index.js:65:19)
    at /Users/fangcaoapple/Documents/2017_projects/atom/xjk/egg-example-pro/node_modules/co/index.js:54:5

pid: 15173
hostname: fangcaoAppledeMacBook-Pro.local

2017-11-16 18:25:42,958 ERROR 18925 [-/::1/-/5ms GET /news/] nodejs.ReferenceError: serverUrl is not defined
    at NewsService.list (/Users/fangcaoapple/Documents/2017_projects/atom/xjk/egg-example-pro/app/service/news.js:6:35)
    at NewsController.list (/Users/fangcaoapple/Documents/2017_projects/atom/xjk/egg-example-pro/app/controller/news.js:8:49)
    at callController (/Users/fangcaoapple/Documents/2017_projects/atom/xjk/egg-example-pro/node_modules/egg-core/lib/loader/mixin/controller.js:122:18)
    at callController.next (<anonymous>)
    at onFulfilled (/Users/fangcaoapple/Documents/2017_projects/atom/xjk/egg-example-pro/node_modules/co/index.js:65:19)
    at /Users/fangcaoapple/Documents/2017_projects/atom/xjk/egg-example-pro/node_modules/co/index.js:54:5
    at new Promise (<anonymous>)
    at Object.co (/Users/fangcaoapple/Documents/2017_projects/atom/xjk/egg-example-pro/node_modules/co/index.js:50:10)
    at Object.toPromise (/Users/fangcaoapple/Documents/2017_projects/atom/xjk/egg-example-pro/node_modules/co/index.js:118:63)
    at next (/Users/fangcaoapple/Documents/2017_projects/atom/xjk/egg-example-pro/node_modules/co/index.js:99:29)

pid: 18925
hostname: fangcaoAppledeMacBook-Pro.local

2017-11-16 18:43:48,618 ERROR 19870 [-/::1/-/5027ms GET /news/] nodejs.ConnectionTimeoutError: Connect timeout for 5000ms, GET https://hacker-news.firebaseio.com/v0/topstories.json -2 (connected: false, keepalive socket: false, agent status: {"createSocketCount":1,"createSocketErrorCount":0,"closeSocketCount":1,"errorSocketCount":0,"timeoutSocketCount":0,"requestCount":0,"freeSockets":{},"sockets":{},"requests":{}})
headers: {}
headers: {}
    at Timeout._onTimeout (/Users/fangcaoapple/Documents/2017_projects/atom/xjk/egg-example-pro/node_modules/urllib/lib/urllib.js:735:15)
    at ontimeout (timers.js:471:11)
    at tryOnTimeout (timers.js:306:5)
    at Timer.listOnTimeout (timers.js:266:5)
name: 'ConnectionTimeoutError'
requestId: 1
data: undefined
path: '/v0/topstories.json?orderBy=%22%24key%22&startAt=%220%22&endAt=%224%22'
status: -2
headers: {}
res: { status: -2, statusCode: -2, headers: {}, size: 0, aborted: false, rt: 5019, keepAliveSocket: false, data: undefined, requestUrls: [ 'https://hacker-news.firebaseio.com/v0/topstories.json' ], timing: null, remoteAddress: '35.201.97.85', remotePort: '' }
pid: 19870
hostname: fangcaoAppledeMacBook-Pro.local

2017-11-17 10:29:20,590 ERROR 21635 [-/::1/-/5027ms GET /news/] nodejs.ConnectionTimeoutError: Connect timeout for 5000ms, GET https://hacker-news.firebaseio.com/v0/topstories.json -2 (connected: false, keepalive socket: false, agent status: {"createSocketCount":1,"createSocketErrorCount":0,"closeSocketCount":1,"errorSocketCount":0,"timeoutSocketCount":0,"requestCount":0,"freeSockets":{},"sockets":{},"requests":{}})
headers: {}
headers: {}
    at Timeout._onTimeout (/Users/fangcaoapple/Documents/2017_projects/atom/xjk/egg-example-pro/node_modules/urllib/lib/urllib.js:735:15)
    at ontimeout (timers.js:471:11)
    at tryOnTimeout (timers.js:306:5)
    at Timer.listOnTimeout (timers.js:266:5)
name: 'ConnectionTimeoutError'
requestId: 1
data: undefined
path: '/v0/topstories.json?orderBy=%22%24key%22&startAt=%220%22&endAt=%224%22'
status: -2
headers: {}
res: { status: -2, statusCode: -2, headers: {}, size: 0, aborted: false, rt: 5018, keepAliveSocket: false, data: undefined, requestUrls: [ 'https://hacker-news.firebaseio.com/v0/topstories.json' ], timing: null, remoteAddress: '35.201.97.85', remotePort: '' }
pid: 21635
hostname: fangcaoAppledeMacBook-Pro.local

2017-11-17 10:29:25,713 ERROR 21635 [-/::1/-/5004ms GET /news/] nodejs.ConnectionTimeoutError: Connect timeout for 5000ms, GET https://hacker-news.firebaseio.com/v0/topstories.json -2 (connected: false, keepalive socket: false, agent status: {"createSocketCount":2,"createSocketErrorCount":0,"closeSocketCount":2,"errorSocketCount":0,"timeoutSocketCount":0,"requestCount":0,"freeSockets":{},"sockets":{},"requests":{}})
headers: {}
headers: {}
    at Timeout._onTimeout (/Users/fangcaoapple/Documents/2017_projects/atom/xjk/egg-example-pro/node_modules/urllib/lib/urllib.js:735:15)
    at ontimeout (timers.js:471:11)
    at tryOnTimeout (timers.js:306:5)
    at Timer.listOnTimeout (timers.js:266:5)
name: 'ConnectionTimeoutError'
requestId: 2
data: undefined
path: '/v0/topstories.json?orderBy=%22%24key%22&startAt=%220%22&endAt=%224%22'
status: -2
headers: {}
res: { status: -2, statusCode: -2, headers: {}, size: 0, aborted: false, rt: 5004, keepAliveSocket: false, data: undefined, requestUrls: [ 'https://hacker-news.firebaseio.com/v0/topstories.json' ], timing: null, remoteAddress: '35.201.97.85', remotePort: '' }
pid: 21635
hostname: fangcaoAppledeMacBook-Pro.local

